<?xml version="1.0" encoding="UTF-8"?>
<testsuite name="HTTPStatusCodesTest" tests="6" skipped="0" failures="0" errors="0" timestamp="2015-02-24T15:49:17" hostname="8ths-MacBook-Pro-4.local" time="0.003">
  <properties/>
  <testcase name="returnsAllTheKeyValuePairsInTheStatusCodesMap" classname="HTTPStatusCodesTest" time="0.0"/>
  <testcase name="returnsHTTPStatusMessage300MultipleChoicesAfterStatusHasBeenSet" classname="HTTPStatusCodesTest" time="0.0"/>
  <testcase name="returnsHTTPStatusMessage200OKAfterStatusHasBeenSet" classname="HTTPStatusCodesTest" time="0.0"/>
  <testcase name="returnsTheHTTPStatusMessageProperlyFormattedForA404Status" classname="HTTPStatusCodesTest" time="0.0"/>
  <testcase name="throwsAnExceptionIfKeyIsInvalid" classname="HTTPStatusCodesTest" time="0.0"/>
  <testcase name="returnsTheHTTPStatusMessageProperlyFormatted" classname="HTTPStatusCodesTest" time="0.0"/>
  <system-out><![CDATA[]]></system-out>
  <system-err><![CDATA[]]></system-err>
</testsuite>
