<?xml version="1.0" encoding="UTF-8"?>
<testsuite name="ResponseTest" tests="14" skipped="14" failures="0" errors="0" timestamp="2015-02-24T15:49:17" hostname="8ths-MacBook-Pro-4.local" time="0.003">
  <properties/>
  <testcase name="returnsContentTypeJPEGWhenJPEGImageRequestIsSuccessful" classname="ResponseTest" time="0.0">
    <skipped/>
  </testcase>
  <testcase name="returnsTheDateAndTimeForTheServer" classname="ResponseTest" time="0.0">
    <skipped/>
  </testcase>
  <testcase name="returns404NotFoundWhenRequestIsMadeToAPathThatIsNotFound" classname="ResponseTest" time="0.0">
    <skipped/>
  </testcase>
  <testcase name="returnsTheByteLengthForANormalString" classname="ResponseTest" time="0.0">
    <skipped/>
  </testcase>
  <testcase name="returnsTheLocationAndPortOfTheServer" classname="ResponseTest" time="0.0">
    <skipped/>
  </testcase>
  <testcase name="returnsTheByteLengthOfTheWebPageAfterARequestHasBeenMade" classname="ResponseTest" time="0.0">
    <skipped/>
  </testcase>
  <testcase name="returnsContentTypeTextHtmlWhenHTTPStatusIs404NotFound" classname="ResponseTest" time="0.0">
    <skipped/>
  </testcase>
  <testcase name="returnsAFilesContentsInTheMessageBodyWhenASuccessfulRequestIsMade" classname="ResponseTest" time="0.0">
    <skipped/>
  </testcase>
  <testcase name="returnsPOSTPUTDELETEOptionsForFormRequest" classname="ResponseTest" time="0.0">
    <skipped/>
  </testcase>
  <testcase name="returns405MethodNotAllowedWhenMethodIsNotAllowedForURI" classname="ResponseTest" time="0.0">
    <skipped/>
  </testcase>
  <testcase name="returnsAllowHeaderWithAvailableMethodsForURI" classname="ResponseTest" time="0.0">
    <skipped/>
  </testcase>
  <testcase name="returnsTheContentTypeForThePageThatIsDisplayedAfterRequestIsMade" classname="ResponseTest" time="0.0">
    <skipped/>
  </testcase>
  <testcase name="returns200OkStatusWhenSuccessfulGetRequestIsMade" classname="ResponseTest" time="0.0">
    <skipped/>
  </testcase>
  <testcase name="returnsNotFoundInTheMessageBodyWhenRequestURINotFound" classname="ResponseTest" time="0.0">
    <skipped/>
  </testcase>
  <system-out><![CDATA[]]></system-out>
  <system-err><![CDATA[]]></system-err>
</testsuite>
