<?xml version="1.0" encoding="UTF-8"?>
<testsuite name="FileHandlerTest" tests="7" skipped="0" failures="0" errors="0" timestamp="2015-02-24T15:49:17" hostname="8ths-MacBook-Pro-4.local" time="0.024">
  <properties/>
  <testcase name="returnsTheURIThatMatchesAURIFromAGivenCollectionOfFileNames" classname="FileHandlerTest" time="0.002"/>
  <testcase name="returnsTheURIForFile2IfItMatchesAURIInACollectionOfFileNames" classname="FileHandlerTest" time="0.001"/>
  <testcase name="returnsACollectionOfFileNamesWhenGivenADirectory" classname="FileHandlerTest" time="0.007"/>
  <testcase name="returnsANullPointerExceptionStringIfRequestedURIDoesNotExistInCollection" classname="FileHandlerTest" time="0.0"/>
  <testcase name="returnsThePathOfTheRequestedURIFile" classname="FileHandlerTest" time="0.011"/>
  <testcase name="setsHTTPStatusTo200OKWhenFileIsSuccessfullyRetrieved" classname="FileHandlerTest" time="0.0"/>
  <testcase name="throwsNullPointerExceptionWhenDirectoryDoesNotExist" classname="FileHandlerTest" time="0.0"/>
  <system-out><![CDATA[]]></system-out>
  <system-err><![CDATA[]]></system-err>
</testsuite>
