<?xml version="1.0" encoding="UTF-8"?>
<testsuite name="SocketWrapperTest" tests="4" skipped="0" failures="0" errors="0" timestamp="2015-02-24T15:49:17" hostname="8ths-MacBook-Pro-4.local" time="0.001">
  <properties/>
  <testcase name="getOutputStreamOnASocketReturnsAnOutputStream" classname="SocketWrapperTest" time="0.0"/>
  <testcase name="returnsTrueIfSocketHasBeenClosed" classname="SocketWrapperTest" time="0.0"/>
  <testcase name="getInputStreamOnASocketReturnsAnInputStream" classname="SocketWrapperTest" time="0.001"/>
  <testcase name="returnsFalseIfSocketHasNotBeenClosed" classname="SocketWrapperTest" time="0.0"/>
  <system-out><![CDATA[]]></system-out>
  <system-err><![CDATA[]]></system-err>
</testsuite>
