<?xml version="1.0" encoding="UTF-8"?>
<testsuite name="RequestTest" tests="5" skipped="0" failures="0" errors="0" timestamp="2015-02-24T15:49:17" hostname="8ths-MacBook-Pro-4.local" time="0.002">
  <properties/>
  <testcase name="returnsTheByteRangeAfterItHasBeenSet" classname="RequestTest" time="0.001"/>
  <testcase name="returnsTheHeaderFieldAfterItHasBeenSet" classname="RequestTest" time="0.0"/>
  <testcase name="returnsTheHTTPMethodAfterItHasBeenSet" classname="RequestTest" time="0.0"/>
  <testcase name="returnsTheFullRequestAfterItHasBeenSet" classname="RequestTest" time="0.001"/>
  <testcase name="returnsTheURIAfterItHasBeenSet" classname="RequestTest" time="0.0"/>
  <system-out><![CDATA[]]></system-out>
  <system-err><![CDATA[]]></system-err>
</testsuite>
