<?xml version="1.0" encoding="UTF-8"?>
<testsuite name="FormHandlerTest" tests="3" skipped="0" failures="0" errors="0" timestamp="2015-02-24T15:49:17" hostname="8ths-MacBook-Pro-4.local" time="0.003">
  <properties/>
  <testcase name="deletesAllTextFromFileWhenDeleteRequestIsMade" classname="FormHandlerTest" time="0.001"/>
  <testcase name="writesSomeTextToFormFileWhenPostRequestIsMade" classname="FormHandlerTest" time="0.001"/>
  <testcase name="writesHeathCliffWhenPutRequestIsMade" classname="FormHandlerTest" time="0.0"/>
  <system-out><![CDATA[]]></system-out>
  <system-err><![CDATA[]]></system-err>
</testsuite>
