<?xml version="1.0" encoding="UTF-8"?>
<testsuite name="RoutesTest" tests="9" skipped="5" failures="0" errors="0" timestamp="2015-02-24T15:49:17" hostname="8ths-MacBook-Pro-4.local" time="0.004">
  <properties/>
  <testcase name="returnsFalseIfClientRequestedURIDoesNotMatchRoutesMapURI" classname="RoutesTest" time="0.0">
    <skipped/>
  </testcase>
  <testcase name="returnsTrueIfClientFile2RequestmatchesRouteMapURI" classname="RoutesTest" time="0.0">
    <skipped/>
  </testcase>
  <testcase name="returnsTheCollectionOfHandlerObjectsInRoutesMap" classname="RoutesTest" time="0.001"/>
  <testcase name="returnsAFormHandlerObjectWhenFormKeyIsCalled" classname="RoutesTest" time="0.001"/>
  <testcase name="returnsTheSetOfURIStringsInRoutesMap" classname="RoutesTest" time="0.0"/>
  <testcase name="matchesTheClientsRequestedURIWithTheRoutesMapURIAndReturnsTheValueToThatURI" classname="RoutesTest" time="0.0">
    <skipped/>
  </testcase>
  <testcase name="returnsAFileHandlerObjectWhenFile1KeyIsCalled" classname="RoutesTest" time="0.0"/>
  <testcase name="matchesTheClientsRequestForFile1ToTheRouteMapFile1URIAndReturnsAnInstanceOfFileHandler" classname="RoutesTest" time="0.0">
    <skipped/>
  </testcase>
  <testcase name="returnsTrueIfClientRequestedURIMatchesRouteMapURI" classname="RoutesTest" time="0.0">
    <skipped/>
  </testcase>
  <system-out><![CDATA[]]></system-out>
  <system-err><![CDATA[]]></system-err>
</testsuite>
