<?xml version="1.0" encoding="UTF-8"?>
<testsuite name="me.byronwoodfork.SocketTest" tests="1" skipped="0" failures="0" errors="0" timestamp="2015-02-14T06:35:59" hostname="8ths-MacBook-Pro-4.local" time="0.003">
  <properties/>
  <testcase name="doSomethingReturnsTrue" classname="me.byronwoodfork.SocketTest" time="0.003"/>
  <system-out><![CDATA[]]></system-out>
  <system-err><![CDATA[]]></system-err>
</testsuite>
