<?xml version="1.0" encoding="UTF-8"?>
<testsuite name="RequestHandlerTest" tests="2" skipped="0" failures="0" errors="0" timestamp="2015-02-24T15:49:17" hostname="8ths-MacBook-Pro-4.local" time="0.002">
  <properties/>
  <testcase name="returnsTheInputStreamOfTheSocket" classname="RequestHandlerTest" time="0.002"/>
  <testcase name="returnsTheOutputStreamOfTheSocket" classname="RequestHandlerTest" time="0.0"/>
  <system-out><![CDATA[]]></system-out>
  <system-err><![CDATA[]]></system-err>
</testsuite>
