<component name="libraryTable">
  <library name="junit">
    <CLASSES>
      <root url="file:///Library/Java/Extensions/junit" />
    </CLASSES>
    <JAVADOC>
      <root url="file:///Library/Java/Extensions/junit/javadoc" />
    </JAVADOC>
    <SOURCES>
      <root url="file:///Library/Java/Extensions/junit" />
    </SOURCES>
    <jarDirectory url="file:///Library/Java/Extensions/junit" recursive="false" />
    <jarDirectory url="file:///Library/Java/Extensions/junit" recursive="false" type="SOURCES" />
  </library>
</component>